This is pdfTeX, Version 3.141592653-2.6-1.40.22 (TeX Live 2022/dev/Debian) (preloaded format=pdflatex 2022.10.25)  25 OCT 2022 16:59
entering extended mode
 restricted \write18 enabled.
 %&-line parsing enabled.
**sn-article.tex
(./sn-article.tex
LaTeX2e <2021-11-15> patch level 1
L3 programming layer <2022-01-21> (./sn-jnl.cls
Document Class: sn-jnl 2019/11/18 v0.1: An authoring template for Springer Jour
nal articles
(/usr/share/texlive/texmf-dist/tex/latex/base/article.cls
Document Class: article 2021/10/04 v1.4n Standard LaTeX document class
(/usr/share/texlive/texmf-dist/tex/latex/base/fleqn.clo
File: fleqn.clo 2016/12/29 v1.2b Standard LaTeX option (flush left equations)
\mathindent=\skip47
Applying: [2015/01/01] Make \[ robust on input line 50.
LaTeX Info: Redefining \[ on input line 51.
Already applied: [0000/00/00] Make \[ robust on input line 62.
Applying: [2015/01/01] Make \] robust on input line 74.
LaTeX Info: Redefining \] on input line 75.
Already applied: [0000/00/00] Make \] robust on input line 83.
)
(/usr/share/texlive/texmf-dist/tex/latex/base/size10.clo
File: size10.clo 2021/10/04 v1.4n Standard LaTeX file (size option)
)
\c@part=\count185
\c@section=\count186
\c@subsection=\count187
\c@subsubsection=\count188
\c@paragraph=\count189
\c@subparagraph=\count190
\c@figure=\count191
\c@table=\count192
\abovecaptionskip=\skip48
\belowcaptionskip=\skip49
\bibindent=\dimen138
)
LaTeX Info: Redefining \rm on input line 138.
LaTeX Info: Redefining \sf on input line 139.
LaTeX Info: Redefining \tt on input line 140.
LaTeX Info: Redefining \bf on input line 141.
LaTeX Info: Redefining \it on input line 142.
LaTeX Info: Redefining \sl on input line 143.
LaTeX Info: Redefining \sc on input line 144.
LaTeX Info: Redefining \cal on input line 145.
LaTeX Info: Redefining \mit on input line 146.
LaTeX Info: Redefining \textsubscript on input line 204.
\columnhsize=\skip50

(/usr/share/texlive/texmf-dist/tex/latex/geometry/geometry.sty
Package: geometry 2020/01/02 v5.9 Page Geometry

(/usr/share/texlive/texmf-dist/tex/latex/graphics/keyval.sty
Package: keyval 2014/10/28 v1.15 key=value parser (DPC)
\KV@toks@=\toks16
)
(/usr/share/texlive/texmf-dist/tex/generic/iftex/ifvtex.sty
Package: ifvtex 2019/10/25 v1.7 ifvtex legacy package. Use iftex instead.

(/usr/share/texlive/texmf-dist/tex/generic/iftex/iftex.sty
Package: iftex 2020/03/06 v1.0d TeX engine tests
))
\Gm@cnth=\count193
\Gm@cntv=\count194
\c@Gm@tempcnt=\count195
\Gm@bindingoffset=\dimen139
\Gm@wd@mp=\dimen140
\Gm@odd@mp=\dimen141
\Gm@even@mp=\dimen142
\Gm@layoutwidth=\dimen143
\Gm@layoutheight=\dimen144
\Gm@layouthoffset=\dimen145
\Gm@layoutvoffset=\dimen146
\Gm@dimlist=\toks17
)
(/usr/share/texlive/texmf-dist/tex/latex/graphics/graphicx.sty
Package: graphicx 2021/09/16 v1.2d Enhanced LaTeX Graphics (DPC,SPQR)

(/usr/share/texlive/texmf-dist/tex/latex/graphics/graphics.sty
Package: graphics 2021/03/04 v1.4d Standard LaTeX Graphics (DPC,SPQR)

(/usr/share/texlive/texmf-dist/tex/latex/graphics/trig.sty
Package: trig 2021/08/11 v1.11 sin cos tan (DPC)
)
(/usr/share/texlive/texmf-dist/tex/latex/graphics-cfg/graphics.cfg
File: graphics.cfg 2016/06/04 v1.11 sample graphics configuration
)
Package graphics Info: Driver file: pdftex.def on input line 107.

(/usr/share/texlive/texmf-dist/tex/latex/graphics-def/pdftex.def
File: pdftex.def 2020/10/05 v1.2a Graphics/color driver for pdftex
))
\Gin@req@height=\dimen147
\Gin@req@width=\dimen148
)
(/usr/share/texlive/texmf-dist/tex/latex/multirow/multirow.sty
Package: multirow 2021/03/15 v2.8 Span multiple rows of a table
\multirow@colwidth=\skip51
\multirow@cntb=\count196
\multirow@dima=\skip52
\bigstrutjot=\dimen149
)
(/usr/share/texlive/texmf-dist/tex/latex/amsmath/amsmath.sty
Package: amsmath 2021/10/15 v2.17l AMS math features
\@mathmargin=\skip53

For additional information on amsmath, use the `?' option.
(/usr/share/texlive/texmf-dist/tex/latex/amsmath/amstext.sty
Package: amstext 2021/08/26 v2.01 AMS text

(/usr/share/texlive/texmf-dist/tex/latex/amsmath/amsgen.sty
File: amsgen.sty 1999/11/30 v2.0 generic functions
\@emptytoks=\toks18
\ex@=\dimen150
))
(/usr/share/texlive/texmf-dist/tex/latex/amsmath/amsbsy.sty
Package: amsbsy 1999/11/29 v1.2d Bold Symbols
\pmbraise@=\dimen151
)
(/usr/share/texlive/texmf-dist/tex/latex/amsmath/amsopn.sty
Package: amsopn 2021/08/26 v2.02 operator names
)
\inf@bad=\count197
LaTeX Info: Redefining \frac on input line 234.
\uproot@=\count198
\leftroot@=\count199
LaTeX Info: Redefining \overline on input line 399.
\classnum@=\count266
\DOTSCASE@=\count267
LaTeX Info: Redefining \ldots on input line 496.
LaTeX Info: Redefining \dots on input line 499.
LaTeX Info: Redefining \cdots on input line 620.
\Mathstrutbox@=\box50
\strutbox@=\box51
\big@size=\dimen152
LaTeX Font Info:    Redeclaring font encoding OML on input line 743.
LaTeX Font Info:    Redeclaring font encoding OMS on input line 744.
\macc@depth=\count268
\c@MaxMatrixCols=\count269
\dotsspace@=\muskip16
\c@parentequation=\count270
\dspbrk@lvl=\count271
\tag@help=\toks19
\row@=\count272
\column@=\count273
\maxfields@=\count274
\andhelp@=\toks20
\eqnshift@=\dimen153
\alignsep@=\dimen154
\tagshift@=\dimen155
\tagwidth@=\dimen156
\totwidth@=\dimen157
\lineht@=\dimen158
\@envbody=\toks21
\multlinegap=\skip54
\multlinetaggap=\skip55
\mathdisplay@stack=\toks22
LaTeX Info: Redefining \[ on input line 2938.
LaTeX Info: Redefining \] on input line 2939.
)
(/usr/share/texlive/texmf-dist/tex/latex/amsfonts/amssymb.sty
Package: amssymb 2013/01/14 v3.01 AMS font symbols

(/usr/share/texlive/texmf-dist/tex/latex/amsfonts/amsfonts.sty
Package: amsfonts 2013/01/14 v3.01 Basic AMSFonts support
\symAMSa=\mathgroup4
\symAMSb=\mathgroup5
LaTeX Font Info:    Redeclaring math symbol \hbar on input line 98.
LaTeX Font Info:    Overwriting math alphabet `\mathfrak' in version `bold'
(Font)                  U/euf/m/n --> U/euf/b/n on input line 106.
))
(/usr/share/texlive/texmf-dist/tex/latex/amscls/amsthm.sty
Package: amsthm 2020/05/29 v2.20.6
\thm@style=\toks23
\thm@bodyfont=\toks24
\thm@headfont=\toks25
\thm@notefont=\toks26
\thm@headpunct=\toks27
\thm@preskip=\skip56
\thm@postskip=\skip57
\thm@headsep=\skip58
\dth@everypar=\toks28
)
(/usr/share/texlive/texmf-dist/tex/latex/jknapltx/mathrsfs.sty
Package: mathrsfs 1996/01/01 Math RSFS package v1.0 (jk)
\symrsfs=\mathgroup6
)
(/usr/share/texlive/texmf-dist/tex/latex/graphics/rotating.sty
Package: rotating 2016/08/11 v2.16d rotated objects in LaTeX

(/usr/share/texlive/texmf-dist/tex/latex/base/ifthen.sty
Package: ifthen 2020/11/24 v1.1c Standard LaTeX ifthen package (DPC)
)
\c@r@tfl@t=\count275
\rotFPtop=\skip59
\rotFPbot=\skip60
\rot@float@box=\box52
\rot@mess@toks=\toks29
)
(/usr/share/texlive/texmf-dist/tex/latex/appendix/appendix.sty
Package: appendix 2020/02/08 v1.2c extra appendix facilities
\c@@pps=\count276
\c@@ppsavesec=\count277
\c@@ppsaveapp=\count278
)
(/usr/share/texlive/texmf-dist/tex/latex/xcolor/xcolor.sty
Package: xcolor 2021/10/31 v2.13 LaTeX color extensions (UK)

(/usr/share/texlive/texmf-dist/tex/latex/graphics-cfg/color.cfg
File: color.cfg 2016/01/02 v1.6 sample color configuration
)
Package xcolor Info: Driver file: pdftex.def on input line 227.
Package xcolor Info: Model `cmy' substituted by `cmy0' on input line 1352.
Package xcolor Info: Model `hsb' substituted by `rgb' on input line 1356.
Package xcolor Info: Model `RGB' extended on input line 1368.
Package xcolor Info: Model `HTML' substituted by `rgb' on input line 1370.
Package xcolor Info: Model `Hsb' substituted by `hsb' on input line 1371.
Package xcolor Info: Model `tHsb' substituted by `hsb' on input line 1372.
Package xcolor Info: Model `HSB' substituted by `hsb' on input line 1373.
Package xcolor Info: Model `Gray' substituted by `gray' on input line 1374.
Package xcolor Info: Model `wave' substituted by `hsb' on input line 1375.
)
(/usr/share/texlive/texmf-dist/tex/latex/base/textcomp.sty
Package: textcomp 2020/02/02 v2.0n Standard LaTeX package
)
(/usr/share/texlive/texmf-dist/tex/latex/ncctools/manyfoot.sty
Package: manyfoot 2019/08/03 v1.11 Many Footnote Levels Package (NCC)

(/usr/share/texlive/texmf-dist/tex/latex/ncctools/nccfoots.sty
Package: nccfoots 2005/02/03 v1.2 NCC Footnotes Package (NCC)
)
\MFL@columnwidth=\dimen159
)
(/usr/share/texlive/texmf-dist/tex/latex/booktabs/booktabs.sty
Package: booktabs 2020/01/12 v1.61803398 Publication quality tables
\heavyrulewidth=\dimen160
\lightrulewidth=\dimen161
\cmidrulewidth=\dimen162
\belowrulesep=\dimen163
\belowbottomsep=\dimen164
\aboverulesep=\dimen165
\abovetopsep=\dimen166
\cmidrulesep=\dimen167
\cmidrulekern=\dimen168
\defaultaddspace=\dimen169
\@cmidla=\count279
\@cmidlb=\count280
\@aboverulesep=\dimen170
\@belowrulesep=\dimen171
\@thisruleclass=\count281
\@lastruleclass=\count282
\@thisrulewidth=\dimen172
)
(/usr/share/texlive/texmf-dist/tex/latex/algorithms/algorithm.sty
Package: algorithm 2009/08/24 v0.1 Document Style `algorithm' - floating enviro
nment

(/usr/share/texlive/texmf-dist/tex/latex/float/float.sty
Package: float 2001/11/08 v1.3d Float enhancements (AL)
\c@float@type=\count283
\float@exts=\toks30
\float@box=\box53
\@float@everytoks=\toks31
\@floatcapt=\box54
)
\@float@every@algorithm=\toks32
\c@algorithm=\count284
)
(/usr/share/texlive/texmf-dist/tex/latex/algorithmicx/algorithmicx.sty
Package: algorithmicx 2005/04/27 v1.2 Algorithmicx

Document Style algorithmicx 1.2 - a greatly improved `algorithmic' style
\c@ALG@line=\count285
\c@ALG@rem=\count286
\c@ALG@nested=\count287
\ALG@tlm=\skip61
\ALG@thistlm=\skip62
\c@ALG@Lnr=\count288
\c@ALG@blocknr=\count289
\c@ALG@storecount=\count290
\c@ALG@tmpcounter=\count291
\ALG@tmplength=\skip63
) (/usr/share/texlive/texmf-dist/tex/latex/algorithmicx/algpseudocode.sty
Package: algpseudocode 

Document Style - pseudocode environments for use with the `algorithmicx' style
) (/usr/share/texlive/texmf-dist/tex/latex/program/program.sty
\@gtempa=\dimen173
\@gtempa=\dimen174
\@gtempa=\dimen175
\@gtempa=\dimen176
\@gtempa=\dimen177
\@gtempa=\dimen178
\@gtempa=\dimen179
\@gtempa=\dimen180
\@gtempa=\dimen181
\@gtempa=\dimen182
\@gtempa=\dimen183
\@gtempa=\dimen184
\@gtempa=\dimen185
\@gtempa=\dimen186
\@gtempa=\dimen187
\@gtempa=\dimen188
\@gtempa=\dimen189
\@gtempa=\dimen190
\@gtempa=\dimen191
\@gtempa=\dimen192
\@gtempa=\dimen193
\@gtempa=\dimen194
\@gtempa=\dimen195
\@gtempa=\dimen196
\@gtempa=\dimen197
\@gtempa=\dimen198
\@gtempa=\dimen199
\@gtempa=\dimen256
\@gtempa=\dimen257
\@gtempa=\dimen258
\@gtempa=\dimen259
\@gtempa=\dimen260
\@gtempa=\dimen261
\@gtempa=\dimen262
\@gtempa=\dimen263
\@gtempa=\dimen264
\@gtempa=\dimen265
\@gtempa=\dimen266
\@gtempa=\dimen267
\@gtempa=\dimen268
\@gtempa=\dimen269
\@gtempa=\dimen270
\@gtempa=\dimen271
\@gtempa=\dimen272
\@gtempa=\dimen273
\@gtempa=\dimen274
\@gtempa=\dimen275
\@gtempa=\dimen276
\@gtempa=\dimen277
\@gtempa=\dimen278
\c@programline=\count292
\old@nxttabmar=\count293
\symeulerletters=\mathgroup7
\powersetbox=\box55


LaTeX Font Warning: Font shape `OT1/cmr/m/n' in size <16> not available
(Font)              size <17.28> substituted on input line 841.

LaTeX Font Info:    Calculating math sizes for size <16> on input line 841.

LaTeX Font Warning: Font shape `OML/cmm/m/it' in size <16> not available
(Font)              size <17.28> substituted on input line 841.


LaTeX Font Warning: Font shape `OMS/cmsy/m/n' in size <16> not available
(Font)              size <17.28> substituted on input line 841.

LaTeX Font Info:    Trying to load font information for U+msa on input line 841
.
(/usr/share/texlive/texmf-dist/tex/latex/amsfonts/umsa.fd
File: umsa.fd 2013/01/14 v3.01 AMS symbols A
)
LaTeX Font Info:    Trying to load font information for U+msb on input line 841
.

(/usr/share/texlive/texmf-dist/tex/latex/amsfonts/umsb.fd
File: umsb.fd 2013/01/14 v3.01 AMS symbols B
)
LaTeX Font Info:    Trying to load font information for U+rsfs on input line 84
1.

(/usr/share/texlive/texmf-dist/tex/latex/jknapltx/ursfs.fd
File: ursfs.fd 1998/03/24 rsfs font definition file (jk)
)

LaTeX Font Warning: Font shape `U/rsfs/m/n' in size <16> not available
(Font)              size <17.28> substituted on input line 841.

LaTeX Font Info:    Trying to load font information for U+eur on input line 841
.
(/usr/share/texlive/texmf-dist/tex/latex/amsfonts/ueur.fd
File: ueur.fd 2013/01/14 v3.01 Euler Roman
))
(/usr/share/texlive/texmf-dist/tex/latex/listings/listings.sty
\lst@mode=\count294
\lst@gtempboxa=\box56
\lst@token=\toks33
\lst@length=\count295
\lst@currlwidth=\dimen279
\lst@column=\count296
\lst@pos=\count297
\lst@lostspace=\dimen280
\lst@width=\dimen281
\lst@newlines=\count298
\lst@lineno=\count299
\lst@maxwidth=\dimen282

(/usr/share/texlive/texmf-dist/tex/latex/listings/lstmisc.sty
File: lstmisc.sty 2020/03/24 1.8d (Carsten Heinz)
\c@lstnumber=\count300
\lst@skipnumbers=\count301
\lst@framebox=\box57
)
(/usr/share/texlive/texmf-dist/tex/latex/listings/listings.cfg
File: listings.cfg 2020/03/24 1.8d listings configuration
))
Package: listings 2020/03/24 1.8d (Carsten Heinz)
\artcatbox=\box58
\aucount=\count302
\corraucount=\count303
\punctcount=\count304
\emailcnt=\count305
\c@affn=\count306
\addcount=\count307
\PacsCount=\count308
\PacsTmpCnt=\count309
\FMremarkdim=\dimen283
\fmremarkbox=\box59
\opshortpage=\dimen284
\labelwidthi=\dimen285
\labelwidthii=\dimen286
\labelwidthiii=\dimen287
\labelwidthiv=\dimen288
\figwidth=\dimen289
\figheight=\dimen290
\sidecapwidth=\dimen291
\wrapcapline=\dimen292
\totalwrapline=\dimen293
\wraptotline=\dimen294
\figurebox=\box60
\wrapfigcapbox=\box61
\figcapbox=\box62
\capbox=\box63
\headwidthskip=\skip64
\tabcapbox=\box64
\temptbox=\box65
\tempdime=\dimen295
\tabhtdime=\dimen296

(/usr/share/texlive/texmf-dist/tex/latex/hyperref/hyperref.sty
Package: hyperref 2021-06-07 v7.00m Hypertext links for LaTeX

(/usr/share/texlive/texmf-dist/tex/generic/ltxcmds/ltxcmds.sty
Package: ltxcmds 2020-05-10 v1.25 LaTeX kernel commands for general use (HO)
)
(/usr/share/texlive/texmf-dist/tex/generic/pdftexcmds/pdftexcmds.sty
Package: pdftexcmds 2020-06-27 v0.33 Utility functions of pdfTeX for LuaTeX (HO
)

(/usr/share/texlive/texmf-dist/tex/generic/infwarerr/infwarerr.sty
Package: infwarerr 2019/12/03 v1.5 Providing info/warning/error messages (HO)
)
Package pdftexcmds Info: \pdf@primitive is available.
Package pdftexcmds Info: \pdf@ifprimitive is available.
Package pdftexcmds Info: \pdfdraftmode found.
)
(/usr/share/texlive/texmf-dist/tex/generic/kvsetkeys/kvsetkeys.sty
Package: kvsetkeys 2019/12/15 v1.18 Key value parser (HO)
)
(/usr/share/texlive/texmf-dist/tex/generic/kvdefinekeys/kvdefinekeys.sty
Package: kvdefinekeys 2019-12-19 v1.6 Define keys (HO)
)
(/usr/share/texlive/texmf-dist/tex/generic/pdfescape/pdfescape.sty
Package: pdfescape 2019/12/09 v1.15 Implements pdfTeX's escape features (HO)
)
(/usr/share/texlive/texmf-dist/tex/latex/hycolor/hycolor.sty
Package: hycolor 2020-01-27 v1.10 Color options for hyperref/bookmark (HO)
)
(/usr/share/texlive/texmf-dist/tex/latex/letltxmacro/letltxmacro.sty
Package: letltxmacro 2019/12/03 v1.6 Let assignment for LaTeX macros (HO)
)
(/usr/share/texlive/texmf-dist/tex/latex/auxhook/auxhook.sty
Package: auxhook 2019-12-17 v1.6 Hooks for auxiliary files (HO)
)
(/usr/share/texlive/texmf-dist/tex/latex/kvoptions/kvoptions.sty
Package: kvoptions 2020-10-07 v3.14 Key value format for package options (HO)
)
\@linkdim=\dimen297
\Hy@linkcounter=\count310
\Hy@pagecounter=\count311

(/usr/share/texlive/texmf-dist/tex/latex/hyperref/pd1enc.def
File: pd1enc.def 2021-06-07 v7.00m Hyperref: PDFDocEncoding definition (HO)
Now handling font encoding PD1 ...
... no UTF-8 mapping file for font encoding PD1
)
(/usr/share/texlive/texmf-dist/tex/latex/hyperref/hyperref-langpatches.def
File: hyperref-langpatches.def 2021-06-07 v7.00m Hyperref: patches for babel la
nguages
)
(/usr/share/texlive/texmf-dist/tex/generic/intcalc/intcalc.sty
Package: intcalc 2019/12/15 v1.3 Expandable calculations with integers (HO)
)
(/usr/share/texlive/texmf-dist/tex/generic/etexcmds/etexcmds.sty
Package: etexcmds 2019/12/15 v1.7 Avoid name clashes with e-TeX commands (HO)
)
\Hy@SavedSpaceFactor=\count312

(/usr/share/texlive/texmf-dist/tex/latex/hyperref/puenc.def
File: puenc.def 2021-06-07 v7.00m Hyperref: PDF Unicode definition (HO)
Now handling font encoding PU ...
... no UTF-8 mapping file for font encoding PU
)
Package hyperref Info: Hyper figures OFF on input line 4192.
Package hyperref Info: Link nesting OFF on input line 4197.
Package hyperref Info: Hyper index ON on input line 4200.
Package hyperref Info: Plain pages OFF on input line 4207.
Package hyperref Info: Backreferencing OFF on input line 4212.
Package hyperref Info: Implicit mode ON; LaTeX internals redefined.
Package hyperref Info: Bookmarks ON on input line 4445.
\c@Hy@tempcnt=\count313

(/usr/share/texlive/texmf-dist/tex/latex/url/url.sty
\Urlmuskip=\muskip17
Package: url 2013/09/16  ver 3.4  Verb mode for urls, etc.
)
LaTeX Info: Redefining \url on input line 4804.
\XeTeXLinkMargin=\dimen298

(/usr/share/texlive/texmf-dist/tex/generic/bitset/bitset.sty
Package: bitset 2019/12/09 v1.3 Handle bit-vector datatype (HO)

(/usr/share/texlive/texmf-dist/tex/generic/bigintcalc/bigintcalc.sty
Package: bigintcalc 2019/12/15 v1.5 Expandable calculations on big integers (HO
)
))
\Fld@menulength=\count314
\Field@Width=\dimen299
\Fld@charsize=\dimen300
Package hyperref Info: Hyper figures OFF on input line 6076.
Package hyperref Info: Link nesting OFF on input line 6081.
Package hyperref Info: Hyper index ON on input line 6084.
Package hyperref Info: backreferencing OFF on input line 6091.
Package hyperref Info: Link coloring OFF on input line 6096.
Package hyperref Info: Link coloring with OCG OFF on input line 6101.
Package hyperref Info: PDF/A mode OFF on input line 6106.
LaTeX Info: Redefining \ref on input line 6146.
LaTeX Info: Redefining \pageref on input line 6150.

(/usr/share/texlive/texmf-dist/tex/latex/base/atbegshi-ltx.sty
Package: atbegshi-ltx 2021/01/10 v1.0c Emulation of the original atbegshi
package with kernel methods
)
\Hy@abspage=\count315
\c@Item=\count316
\c@Hfootnote=\count317
)
Package hyperref Info: Driver (autodetected): hpdftex.

(/usr/share/texlive/texmf-dist/tex/latex/hyperref/hpdftex.def
File: hpdftex.def 2021-06-07 v7.00m Hyperref driver for pdfTeX

(/usr/share/texlive/texmf-dist/tex/latex/base/atveryend-ltx.sty
Package: atveryend-ltx 2020/08/19 v1.0a Emulation of the original atveryend pac
kage
with kernel methods
)
\Fld@listcount=\count318
\c@bookmark@seq@number=\count319

(/usr/share/texlive/texmf-dist/tex/latex/rerunfilecheck/rerunfilecheck.sty
Package: rerunfilecheck 2019/12/05 v1.9 Rerun checks for auxiliary files (HO)

(/usr/share/texlive/texmf-dist/tex/generic/uniquecounter/uniquecounter.sty
Package: uniquecounter 2019/12/15 v1.4 Provide unlimited unique counter (HO)
)
Package uniquecounter Info: New unique counter `rerunfilecheck' on input line 2
86.
)
\Hy@SectionHShift=\skip65
)
Package hyperref Info: Option `colorlinks' set `true' on input line 1486.
Package hyperref Info: Option `breaklinks' set `true' on input line 1486.
Package hyperref Info: Option `plainpages' set `false' on input line 1486.
Package hyperref Info: Option `bookmarksopen' set `true' on input line 1486.
Package hyperref Info: Option `bookmarksnumbered' set `false' on input line 148
6.

(/usr/share/texlive/texmf-dist/tex/latex/wrapfig/wrapfig.sty
\wrapoverhang=\dimen301
\WF@size=\dimen302
\c@WF@wrappedlines=\count320
\WF@box=\box66
\WF@everypar=\toks34
Package: wrapfig 2003/01/31  v 3.6
)
\wraplines=\count321
\@authorfigbox=\box67
\@authorfigboxdim=\skip66
\biofigadjskip=\skip67

(/usr/share/texlive/texmf-dist/tex/latex/natbib/natbib.sty
Package: natbib 2010/09/13 8.31b (PWD, AO)
\bibhang=\skip68
\bibsep=\skip69
LaTeX Info: Redefining \cite on input line 694.
\c@NAT@ctr=\count322
))
\c@theorem=\count323
\c@example=\count324
\c@remark=\count325
\c@definition=\count326

(/usr/share/texlive/texmf-dist/tex/latex/l3backend/l3backend-pdftex.def
File: l3backend-pdftex.def 2022-01-12 L3 backend support: PDF output (pdfTeX)
\l__color_backend_stack_int=\count327
\l__pdf_internal_box=\box68
)
No file sn-article.aux.
\openout1 = `sn-article.aux'.

LaTeX Font Info:    Checking defaults for OML/cmm/m/it on input line 89.
LaTeX Font Info:    ... okay on input line 89.
LaTeX Font Info:    Checking defaults for OMS/cmsy/m/n on input line 89.
LaTeX Font Info:    ... okay on input line 89.
LaTeX Font Info:    Checking defaults for OT1/cmr/m/n on input line 89.
LaTeX Font Info:    ... okay on input line 89.
LaTeX Font Info:    Checking defaults for T1/cmr/m/n on input line 89.
LaTeX Font Info:    ... okay on input line 89.
LaTeX Font Info:    Checking defaults for TS1/cmr/m/n on input line 89.
LaTeX Font Info:    ... okay on input line 89.
LaTeX Font Info:    Checking defaults for OMX/cmex/m/n on input line 89.
LaTeX Font Info:    ... okay on input line 89.
LaTeX Font Info:    Checking defaults for U/cmr/m/n on input line 89.
LaTeX Font Info:    ... okay on input line 89.
LaTeX Font Info:    Checking defaults for PD1/pdf/m/n on input line 89.
LaTeX Font Info:    ... okay on input line 89.
LaTeX Font Info:    Checking defaults for PU/pdf/m/n on input line 89.
LaTeX Font Info:    ... okay on input line 89.
\footinsA=\insert252
\c@footnoteA=\count328
LaTeX Font Info:    Redeclaring symbol font `AMSa' on input line 89.
LaTeX Font Info:    Overwriting symbol font `AMSa' in version `normal'
(Font)                  U/msa/m/n --> U/msa/m/n on input line 89.
LaTeX Font Info:    Overwriting symbol font `AMSa' in version `bold'
(Font)                  U/msa/m/n --> U/msa/m/n on input line 89.
*geometry* driver: auto-detecting
*geometry* detected driver: pdftex
*geometry* verbose mode - [ preamble ] result:
* driver: pdftex
* paper: custom
* layout: <same size as paper>
* layoutoffset:(h,v)=(0.0pt,0.0pt)
* bindingoffset: 17.07164pt
* modes: twoside 
* h-part:(L,W,R)=(34.14331pt, 338.58778pt, 51.21498pt)
* v-part:(T,H,B)=(55.48286pt, 552.69478pt, 60.46211pt)
* \paperwidth=441.01772pt
* \paperheight=668.63976pt
* \textwidth=338.58778pt
* \textheight=552.69478pt
* \oddsidemargin=-21.05504pt
* \evensidemargin=-21.05501pt
* \topmargin=-38.22067pt
* \headheight=5.5pt
* \headsep=15.93355pt
* \topskip=10.0pt
* \footskip=28.45274pt
* \marginparwidth=34.1433pt
* \marginparsep=14.22636pt
* \columnsep=14.22636pt
* \skip\footins=8.0pt plus 4.0pt
* \hoffset=0.0pt
* \voffset=0.0pt
* \mag=1000
* \@twocolumnfalse
* \@twosidetrue
* \@mparswitchtrue
* \@reversemargintrue
* (1in=72.27pt=25.4mm, 1cm=28.453pt)

(/usr/share/texlive/texmf-dist/tex/context/base/mkii/supp-pdf.mkii
[Loading MPS to PDF converter (version 2006.09.02).]
\scratchcounter=\count329
\scratchdimen=\dimen303
\scratchbox=\box69
\nofMPsegments=\count330
\nofMParguments=\count331
\everyMPshowfont=\toks35
\MPscratchCnt=\count332
\MPscratchDim=\dimen304
\MPnumerator=\count333
\makeMPintoPDFobject=\count334
\everyMPtoPDFconversion=\toks36
) (/usr/share/texlive/texmf-dist/tex/latex/epstopdf-pkg/epstopdf-base.sty
Package: epstopdf-base 2020-01-24 v2.11 Base part for package epstopdf

(/usr/share/texlive/texmf-dist/tex/latex/grfext/grfext.sty
Package: grfext 2019/12/03 v1.3 Manage graphics extensions (HO)
)
Package epstopdf-base Info: Redefining graphics rule for `.eps' on input line 4
85.
Package grfext Info: Graphics extension search list:
(grfext)             [.pdf,.png,.jpg,.mps,.jpeg,.jbig2,.jb2,.PDF,.PNG,.JPG,.JPE
G,.JBIG2,.JB2,.eps]
(grfext)             \AppendGraphicsExtensions on input line 504.

(/usr/share/texlive/texmf-dist/tex/latex/latexconfig/epstopdf-sys.cfg
File: epstopdf-sys.cfg 2010/07/13 v1.3 Configuration of (r)epstopdf for TeX Liv
e
))
\c@lstlisting=\count335
Package hyperref Info: Link coloring ON on input line 89.

(/usr/share/texlive/texmf-dist/tex/latex/hyperref/nameref.sty
Package: nameref 2021-04-02 v2.47 Cross-referencing by name of section

(/usr/share/texlive/texmf-dist/tex/latex/refcount/refcount.sty
Package: refcount 2019/12/15 v3.6 Data extraction from label references (HO)
)
(/usr/share/texlive/texmf-dist/tex/generic/gettitlestring/gettitlestring.sty
Package: gettitlestring 2019/12/15 v1.6 Cleanup title references (HO)
)
\c@section@level=\count336
)
LaTeX Info: Redefining \ref on input line 89.
LaTeX Info: Redefining \pageref on input line 89.
LaTeX Info: Redefining \nameref on input line 89.
\@outlinefile=\write3
\openout3 = `sn-article.out'.

LaTeX Font Info:    Calculating math sizes for size <12.045> on input line 133.



LaTeX Font Warning: Font shape `OT1/cmr/bx/n' in size <8.43146> not available
(Font)              size <8> substituted on input line 133.


LaTeX Font Warning: Font shape `OML/cmm/b/it' in size <8.43146> not available
(Font)              size <8> substituted on input line 133.


LaTeX Font Warning: Font shape `OMS/cmsy/b/n' in size <8.43146> not available
(Font)              size <8> substituted on input line 133.


LaTeX Font Warning: Font shape `U/rsfs/m/n' in size <8.43146> not available
(Font)              size <8> substituted on input line 133.


LaTeX Font Warning: Font shape `OT1/cmr/m/n' in size <8.43146> not available
(Font)              size <8> substituted on input line 133.

LaTeX Font Info:    Calculating math sizes for size <11.04124> on input line 13
3.

LaTeX Font Warning: Font shape `OT1/cmr/bx/n' in size <5.52061> not available
(Font)              size <6> substituted on input line 133.


LaTeX Font Warning: Font shape `OML/cmm/b/it' in size <5.52061> not available
(Font)              size <6> substituted on input line 133.


LaTeX Font Warning: Font shape `OMS/cmsy/b/n' in size <5.52061> not available
(Font)              size <6> substituted on input line 133.


LaTeX Font Warning: Font shape `U/rsfs/m/n' in size <5.52061> not available
(Font)              size <6> substituted on input line 133.


Package natbib Warning: Citation `podlubny1998fractional' on page 1 undefined o
n input line 133.


Package natbib Warning: Citation `daftardar2019fractional' on page 1 undefined 
on input line 133.


Package natbib Warning: Citation `daftardar2013fractional' on page 1 undefined 
on input line 133.

LaTeX Font Info:    Calculating math sizes for size <10.03749> on input line 13
3.

Package natbib Warning: Citation `borzi2020modelling' on page 1 undefined on in
put line 135.


Package natbib Warning: Citation `moghadas2018mathematical' on page 1 undefined
 on input line 135.


Package natbib Warning: Citation `volterra1932theory' on page 1 undefined on in
put line 135.


Package natbib Warning: Citation `podlubny1998fractional' on page 1 undefined o
n input line 135.


Package natbib Warning: Citation `kobayashi2005stability' on page 1 undefined o
n input line 135.


Package natbib Warning: Citation `coimbra2000unsteady' on page 1 undefined on i
nput line 135.


Package natbib Warning: Citation `tarasov2020mathematical' on page 1 undefined 
on input line 135.


Package natbib Warning: Citation `bolster2017upscaling' on page 1 undefined on 
input line 135.


Package natbib Warning: Citation `ionescu2017role' on page 1 undefined on input
 line 135.


Package natbib Warning: Citation `magin2010fractional' on page 1 undefined on i
nput line 135.


Package natbib Warning: Citation `daftardar2019fractional' on page 1 undefined 
on input line 135.


Underfull \vbox (badness 10000) has occurred while \output is active []

 [1

{/var/lib/texmf/fonts/map/pdftex/updmap/pdftex.map}]

Package natbib Warning: Citation `stokes1851effect' on page 2 undefined on inpu
t line 139.


Package natbib Warning: Citation `boussinesq1885resistance' on page 2 undefined
 on input line 139.


Package natbib Warning: Citation `basset1887motion' on page 2 undefined on inpu
t line 139.


Package natbib Warning: Citation `oseen1927hydromechanik' on page 2 undefined o
n input line 141.


Package natbib Warning: Citation `basset1887motion' on page 2 undefined on inpu
t line 143.


Package natbib Warning: Citation `coimbra2004experimental' on page 2 undefined 
on input line 143.


Package natbib Warning: Citation `maxey1983equation' on page 2 undefined on inp
ut line 145.


Package natbib Warning: Citation `maxey1983equation' on page 2 undefined on inp
ut line 147.


Package natbib Warning: Citation `matignon1996stability' on page 2 undefined on
 input line 149.


Package natbib Warning: Citation `kaslik2012non' on page 2 undefined on input l
ine 149.


Package natbib Warning: Citation `magin2010fractional' on page 2 undefined on i
nput line 149.


Package natbib Warning: Citation `deshpande2018analysis' on page 2 undefined on
 input line 149.


Package natbib Warning: Citation `bhalekar2018singular' on page 2 undefined on 
input line 149.


LaTeX Warning: Reference `Preliminaries' on page 2 undefined on input line 152.



LaTeX Warning: Reference `Maxey-Riley Equation' on page 2 undefined on input li
ne 152.


LaTeX Warning: Reference `Equilibrium-points' on page 2 undefined on input line
 152.


LaTeX Warning: Reference `Stability and Bifurcation Analysis' on page 2 undefin
ed on input line 153.


LaTeX Warning: Reference `Some Particular cases' on page 2 undefined on input l
ine 153.


LaTeX Warning: Reference `conclusion' on page 2 undefined on input line 153.


Underfull \vbox (badness 10000) has occurred while \output is active []


Overfull \vbox (1.44444pt too high) has occurred while \output is active []


[2]

Package natbib Warning: Citation `dimovski1982convolutional' on page 3 undefine
d on input line 160.


Package natbib Warning: Citation `luchko1999operational' on page 3 undefined on
 input line 160.


Package natbib Warning: Citation `podlubny1998fractional' on page 3 undefined o
n input line 165.


Package natbib Warning: Citation `kilbas2006theory' on page 3 undefined on inpu
t line 165.


Package natbib Warning: Citation `podlubny1998fractional' on page 3 undefined o
n input line 173.


Package natbib Warning: Citation `kilbas2006theory' on page 3 undefined on inpu
t line 173.


Package natbib Warning: Citation `podlubny1998fractional' on page 3 undefined o
n input line 181.


Package natbib Warning: Citation `kilbas2006theory' on page 3 undefined on inpu
t line 181.


Package natbib Warning: Citation `kilbas2006theory' on page 3 undefined on inpu
t line 193.


LaTeX Warning: Reference `00' on page 3 undefined on input line 205.


Underfull \vbox (badness 10000) has occurred while \output is active []


Overfull \vbox (1.44444pt too high) has occurred while \output is active []


[3]

Package natbib Warning: Citation `landau2013fluid' on page 4 undefined on input
 line 210.


Package natbib Warning: Citation `landau2013fluid' on page 4 undefined on input
 line 214.


Package natbib Warning: Citation `landau2013fluid' on page 4 undefined on input
 line 220.


Package natbib Warning: Citation `matignon1996stability' on page 4 undefined on
 input line 223.


Package natbib Warning: Citation `kobayashi2005stability' on page 4 undefined o
n input line 236.


Package natbib Warning: Citation `kobayashi2005stability' on page 4 undefined o
n input line 240.


Underfull \vbox (badness 10000) has occurred while \output is active []


Overfull \vbox (1.44444pt too high) has occurred while \output is active []


[4]

LaTeX Warning: Reference `RL caputo relation' on page 5 undefined on input line
 259.


LaTeX Warning: Reference `eq1 M-R RL' on page 5 undefined on input line 259.


LaTeX Warning: Reference `eq2 M-R caputo' on page 5 undefined on input line 289
.


Package natbib Warning: Citation `bhalekar2018singular' on page 5 undefined on 
input line 296.


Package natbib Warning: Citation `bhalekar2019can' on page 5 undefined on input
 line 296.


LaTeX Warning: Reference `eq2 M-R caputo' on page 5 undefined on input line 298
.


LaTeX Warning: Reference `eq1 M-R RL' on page 5 undefined on input line 304.


LaTeX Warning: Reference `RL equi eq' on page 5 undefined on input line 308.


Underfull \vbox (badness 10000) has occurred while \output is active []


Overfull \vbox (1.44444pt too high) has occurred while \output is active []


[5]

Package hyperref Warning: Difference (2) between bookmark levels is greater 
(hyperref)                than one, level fixed on input line 331.


Package hyperref Warning: Token not allowed in a PDF string (Unicode):
(hyperref)                removing `math shift' on input line 331.


Package hyperref Warning: Token not allowed in a PDF string (Unicode):
(hyperref)                removing `math shift' on input line 331.


LaTeX Warning: Reference `simplified eq finding system' on page 6 undefined on 
input line 338.


LaTeX Warning: Reference `simplified eq finding system' on page 6 undefined on 
input line 355.


Underfull \vbox (badness 10000) has occurred while \output is active []


Overfull \vbox (1.44444pt too high) has occurred while \output is active []


[6]

Package hyperref Warning: Token not allowed in a PDF string (Unicode):
(hyperref)                removing `math shift' on input line 416.


Package hyperref Warning: Token not allowed in a PDF string (Unicode):
(hyperref)                removing `subscript' on input line 416.


Package hyperref Warning: Token not allowed in a PDF string (Unicode):
(hyperref)                removing `\triangle' on input line 416.


Package hyperref Warning: Token not allowed in a PDF string (Unicode):
(hyperref)                removing `\not' on input line 416.


Package hyperref Warning: Token not allowed in a PDF string (Unicode):
(hyperref)                removing `math shift' on input line 416.


LaTeX Warning: Reference `Equilibrium-points' on page 7 undefined on input line
 432.


LaTeX Warning: Reference `stability thm' on page 7 undefined on input line 436.



Underfull \vbox (badness 10000) has occurred while \output is active []


Overfull \vbox (1.44444pt too high) has occurred while \output is active []


[7]

LaTeX Warning: Reference `fig:Bifurcation a vs w' on page 8 undefined on input 
line 449.


LaTeX Warning: Reference `fig:Bifurcation a vs w' on page 8 undefined on input 
line 449.



pdfTeX warning: /usr/bin/pdflatex (file ./Figs//Bifurcationavsw.pdf): PDF inclu
sion: found PDF version <1.7>, but at most version <1.5> allowed
<Figs//Bifurcationavsw.pdf, id=92, 549.01112pt x 540.5796pt>
File: Figs//Bifurcationavsw.pdf Graphic file (type pdf)
<use Figs//Bifurcationavsw.pdf>
Package pdftex.def Info: Figs//Bifurcationavsw.pdf  used on input line 455.
(pdftex.def)             Requested size: 338.58778pt x 333.39069pt.

LaTeX Warning: Reference `Equilibrium-points' on page 8 undefined on input line
 461.


Package hyperref Warning: Difference (2) between bookmark levels is greater 
(hyperref)                than one, level fixed on input line 461.


LaTeX Warning: Reference `Equilibrium-points' on page 8 undefined on input line
 463.


Underfull \vbox (badness 10000) has occurred while \output is active []


Overfull \vbox (1.44444pt too high) has occurred while \output is active []


[8 <./Figs//Bifurcationavsw.pdf>]

LaTeX Warning: Reference `line eq points' on page 9 undefined on input line 465
.


LaTeX Warning: Reference `unique eq point' on page 9 undefined on input line 47
1.


Package natbib Warning: Citation `kaslik2012non' on page 9 undefined on input l
ine 474.


LaTeX Warning: Reference `fig: Stable parametric Point F' on page 9 undefined o
n input line 474.


LaTeX Warning: Reference `fig:Bifurcation a vs w' on page 9 undefined on input 
line 477.


Package hyperref Warning: Difference (2) between bookmark levels is greater 
(hyperref)                than one, level fixed on input line 479.


Package hyperref Warning: Token not allowed in a PDF string (Unicode):
(hyperref)                removing `math shift' on input line 479.


Package hyperref Warning: Token not allowed in a PDF string (Unicode):
(hyperref)                removing `superscript' on input line 479.


Package hyperref Warning: Token not allowed in a PDF string (Unicode):
(hyperref)                removing `math shift' on input line 479.


LaTeX Warning: Reference `unique eq point' on page 9 undefined on input line 48
5.


Overfull \hbox (29.73923pt too wide) detected at line 515
[]
 []


Underfull \vbox (badness 10000) has occurred while \output is active []


Overfull \vbox (1.44444pt too high) has occurred while \output is active []


[9]

LaTeX Warning: Reference `fig:Stable parametric corresponding to point A on bif
urcation diagram' on page 10 undefined on input line 516.


LaTeX Warning: Reference `fig:Stable case corresponding to point A on bifurcati
on diagram' on page 10 undefined on input line 516.

<Figs//Fig2left(stable)Parametric.pdf, id=155, 456.70625pt x 1258.7025pt>
File: Figs//Fig2left(stable)Parametric.pdf Graphic file (type pdf)
<use Figs//Fig2left(stable)Parametric.pdf>
Package pdftex.def Info: Figs//Fig2left(stable)Parametric.pdf  used on input li
ne 520.
(pdftex.def)             Requested size: 101.57736pt x 279.94998pt.
<Figs//Fig2left(stablePlot.pdf, id=156, 361.35pt x 205.76875pt>
File: Figs//Fig2left(stablePlot.pdf Graphic file (type pdf)
<use Figs//Fig2left(stablePlot.pdf>
Package pdftex.def Info: Figs//Fig2left(stablePlot.pdf  used on input line 526.

(pdftex.def)             Requested size: 135.43304pt x 77.12227pt.

Package hyperref Warning: Token not allowed in a PDF string (Unicode):
(hyperref)                removing `math shift' on input line 531.


Package hyperref Warning: Token not allowed in a PDF string (Unicode):
(hyperref)                removing `superscript' on input line 531.


Package hyperref Warning: Token not allowed in a PDF string (Unicode):
(hyperref)                removing `math shift' on input line 531.


Underfull \vbox (badness 10000) has occurred while \output is active []


Overfull \vbox (1.44444pt too high) has occurred while \output is active []


[10 <./Figs//Fig2left(stable)Parametric.pdf> <./Figs//Fig2left(stablePlot.pdf

pdfTeX warning: /usr/bin/pdflatex (file ./Figs//Fig2left(stablePlot.pdf): PDF i
nclusion: multiple pdfs with page group included in a single page
>]

LaTeX Warning: Reference `unique eq point' on page 11 undefined on input line 5
36.


Overfull \hbox (33.07262pt too wide) detected at line 566
[]
 []


LaTeX Warning: Reference `fig:Stable parametric s,k,Stable case corresponding t
o point A on bifurcation diagram' on page 11 undefined on input line 567.


LaTeX Warning: Reference `fig:Stale s,k,Stable case corresponding to point A on
 bifurcation diagram' on page 11 undefined on input line 567.


LaTeX Warning: Reference `fig:Stable parametric corresponding to point A on bif
urcation diagram' on page 11 undefined on input line 569.


LaTeX Warning: Reference `fig:Stable parametric s,k,Stable case corresponding t
o point A on bifurcation diagram' on page 11 undefined on input line 569.

<Figs//Fig2right(stable)Parametric.pdf, id=203, 571.13374pt x 551.05875pt>
File: Figs//Fig2right(stable)Parametric.pdf Graphic file (type pdf)
<use Figs//Fig2right(stable)Parametric.pdf>
Package pdftex.def Info: Figs//Fig2right(stable)Parametric.pdf  used on input l
ine 573.
(pdftex.def)             Requested size: 135.43304pt x 130.66759pt.
<Figs//Fig2right(stable)Plot.pdf, id=204, 361.35pt x 202.7575pt>
File: Figs//Fig2right(stable)Plot.pdf Graphic file (type pdf)
<use Figs//Fig2right(stable)Plot.pdf>
Package pdftex.def Info: Figs//Fig2right(stable)Plot.pdf  used on input line 57
9.
(pdftex.def)             Requested size: 135.43304pt x 75.99365pt.

LaTeX Warning: `h' float specifier changed to `ht'.


Package hyperref Warning: Token not allowed in a PDF string (Unicode):
(hyperref)                removing `math shift' on input line 585.


Package hyperref Warning: Token not allowed in a PDF string (Unicode):
(hyperref)                removing `superscript' on input line 585.


Package hyperref Warning: Token not allowed in a PDF string (Unicode):
(hyperref)                removing `math shift' on input line 585.


LaTeX Warning: Reference `fig:Bifurcation a vs w' on page 11 undefined on input
 line 586.


Underfull \vbox (badness 10000) has occurred while \output is active []


Overfull \vbox (1.44444pt too high) has occurred while \output is active []


[11 <./Figs//Fig2right(stable)Parametric.pdf>]
Overfull \hbox (12.26056pt too wide) detected at line 622
[]
 []


LaTeX Warning: Reference `fig: Unstable parametric case corresponding to point 
B on bifurcation diagram' on page 12 undefined on input line 623.


LaTeX Warning: Reference `fig: Unstable case corresponding to point B on bifurc
ation diagram' on page 12 undefined on input line 623.


LaTeX Warning: Reference `Stability and Bifurcation Analysis' on page 12 undefi
ned on input line 623.

<Figs//Fig3left(unstable)Parametric.pdf, id=232, 424.58624pt x 1083.04625pt>
File: Figs//Fig3left(unstable)Parametric.pdf Graphic file (type pdf)
<use Figs//Fig3left(unstable)Parametric.pdf>
Package pdftex.def Info: Figs//Fig3left(unstable)Parametric.pdf  used on input 
line 627.
(pdftex.def)             Requested size: 101.57736pt x 259.1101pt.

LaTeX Warning: `h' float specifier changed to `ht'.

<Figs//Fig3left(unstable)plot.pdf, id=233, 361.35pt x 198.7425pt>
File: Figs//Fig3left(unstable)plot.pdf Graphic file (type pdf)
<use Figs//Fig3left(unstable)plot.pdf>
Package pdftex.def Info: Figs//Fig3left(unstable)plot.pdf  used on input line 6
33.
(pdftex.def)             Requested size: 135.43304pt x 74.48882pt.

LaTeX Warning: `h' float specifier changed to `ht'.


Package hyperref Warning: Token not allowed in a PDF string (Unicode):
(hyperref)                removing `math shift' on input line 640.


Package hyperref Warning: Token not allowed in a PDF string (Unicode):
(hyperref)                removing `superscript' on input line 640.


Package hyperref Warning: Token not allowed in a PDF string (Unicode):
(hyperref)                removing `math shift' on input line 640.


Overfull \hbox (32.51701pt too wide) detected at line 674
[]
 []


LaTeX Warning: Reference `fig:Unstable parametric s,k corresponding to point B 
on bifurcation diagram' on page 12 undefined on input line 675.


LaTeX Warning: Reference `fig:Unstale s,k. corresponding to point B on bifurcat
ion diagram' on page 12 undefined on input line 675.

<Figs//Fig3right(unstable)Parametric.pdf, id=234, 609.27625pt x 596.2275pt>
File: Figs//Fig3right(unstable)Parametric.pdf Graphic file (type pdf)
<use Figs//Fig3right(unstable)Parametric.pdf>
Package pdftex.def Info: Figs//Fig3right(unstable)Parametric.pdf  used on input
 line 678.
(pdftex.def)             Requested size: 135.43304pt x 132.526pt.
<Figs//Fig3right(unstable)plot.pdf, id=235, 361.35pt x 202.7575pt>
File: Figs//Fig3right(unstable)plot.pdf Graphic file (type pdf)
<use Figs//Fig3right(unstable)plot.pdf>
Package pdftex.def Info: Figs//Fig3right(unstable)plot.pdf  used on input line 
684.
(pdftex.def)             Requested size: 135.43304pt x 75.99365pt.

LaTeX Warning: `h' float specifier changed to `ht'.


LaTeX Warning: `h' float specifier changed to `ht'.


Package hyperref Warning: Token not allowed in a PDF string (Unicode):
(hyperref)                removing `math shift' on input line 689.


Package hyperref Warning: Token not allowed in a PDF string (Unicode):
(hyperref)                removing `superscript' on input line 689.


Package hyperref Warning: Token not allowed in a PDF string (Unicode):
(hyperref)                removing `math shift' on input line 689.


LaTeX Warning: Reference `fig:Bifurcation a vs w' on page 12 undefined on input
 line 691.


Underfull \vbox (badness 10000) has occurred while \output is active []


Overfull \vbox (1.44444pt too high) has occurred while \output is active []


[12 <./Figs//Fig2right(stable)Plot.pdf>]
Underfull \hbox (badness 10000) in paragraph at lines 693--695
[]\OT1/cmr/m/n/10 The eigen-val-ues cor-re-spond-ing to this point are,
 []


Underfull \hbox (badness 10000) in paragraph at lines 693--695
\OMS/cmsy/m/n/10 f^^@\OT1/cmr/m/n/10 1\OML/cmm/m/it/10 :\OT1/cmr/m/n/10 93497\O
ML/cmm/m/it/10 ; \OMS/cmsy/m/n/10 ^^@\OT1/cmr/m/n/10 1\OML/cmm/m/it/10 :\OT1/cm
r/m/n/10 92873\OML/cmm/m/it/10 ; \OMS/cmsy/m/n/10 ^^@\OT1/cmr/m/n/10 0\OML/cmm/
m/it/10 :\OT1/cmr/m/n/10 520711\OML/cmm/m/it/10 ; \OMS/cmsy/m/n/10 ^^@\OT1/cmr/
m/n/10 0\OML/cmm/m/it/10 :\OT1/cmr/m/n/10 514476\OML/cmm/m/it/10 ; \OMS/cmsy/m/
n/10 ^^@\OT1/cmr/m/n/10 0\OML/cmm/m/it/10 :\OT1/cmr/m/n/10 0665776\OML/cmm/m/it
/10 ; \OMS/cmsy/m/n/10 ^^@\OT1/cmr/m/n/10 0\OML/cmm/m/it/10 :\OT1/cmr/m/n/10 00
00236085 \OMS/cmsy/m/n/10 ^^G
 []


Underfull \hbox (badness 3482) in paragraph at lines 693--695
\OT1/cmr/m/n/10 0\OML/cmm/m/it/10 :\OT1/cmr/m/n/10 0662607\OML/cmm/m/it/10 i; \
OT1/cmr/m/n/10 0\OML/cmm/m/it/10 :\OT1/cmr/m/n/10 0665295\OMS/cmsy/m/n/10 g$ \O
T1/cmr/m/n/10 with cor-re-spond-ing angles : $\OMS/cmsy/m/n/10 j\OML/cmm/m/it/1
0 Arg\OT1/cmr/m/n/10 (\OML/cmm/m/it/10 ^^U[]\OT1/cmr/m/n/10 )\OMS/cmsy/m/n/10 j
 ^^@ [] \OT1/cmr/m/n/10 =
 []


Overfull \hbox (19.7392pt too wide) detected at line 717
[]
 []


Underfull \vbox (badness 10000) has occurred while \output is active []


Overfull \vbox (1.44444pt too high) has occurred while \output is active []


[13 <./Figs//Fig3left(unstable)Parametric.pdf> <./Figs//Fig3left(unstable)plot.
pdf

pdfTeX warning: /usr/bin/pdflatex (file ./Figs//Fig3left(unstable)plot.pdf): PD
F inclusion: multiple pdfs with page group included in a single page
>]

LaTeX Warning: Reference `fig:Unstable parametric case corresponding to point C
 on bifurcation diagram' on page 14 undefined on input line 718.


LaTeX Warning: Reference `fig:Unstable Plot case corresponding to point C on bi
furcation diagram' on page 14 undefined on input line 718.


LaTeX Warning: Reference `Stability and Bifurcation Analysis' on page 14 undefi
ned on input line 718.

<Figs//Fig4Right(unstable)Parametric.pdf, id=311, 323.2075pt x 836.12375pt>
File: Figs//Fig4Right(unstable)Parametric.pdf Graphic file (type pdf)
<use Figs//Fig4Right(unstable)Parametric.pdf>
Package pdftex.def Info: Figs//Fig4Right(unstable)Parametric.pdf  used on input
 line 722.
(pdftex.def)             Requested size: 84.64694pt x 218.96906pt.
<Figs//Fig4right(unstable)plot.pdf, id=312, 361.35pt x 205.76875pt>
File: Figs//Fig4right(unstable)plot.pdf Graphic file (type pdf)
<use Figs//Fig4right(unstable)plot.pdf>
Package pdftex.def Info: Figs//Fig4right(unstable)plot.pdf  used on input line 
728.
(pdftex.def)             Requested size: 135.43304pt x 77.12227pt.

LaTeX Warning: `h' float specifier changed to `ht'.


Package hyperref Warning: Token not allowed in a PDF string (Unicode):
(hyperref)                removing `math shift' on input line 733.


Package hyperref Warning: Token not allowed in a PDF string (Unicode):
(hyperref)                removing `superscript' on input line 733.


Package hyperref Warning: Token not allowed in a PDF string (Unicode):
(hyperref)                removing `math shift' on input line 733.


LaTeX Warning: Reference `fig:Bifurcation a vs w' on page 14 undefined on input
 line 734.


Underfull \hbox (badness 10000) in paragraph at lines 736--740
[]\OT1/cmr/m/n/10 Corresponding to point D the eigen-val-ues are: $\OMS/cmsy/m/
n/10 f^^@\OT1/cmr/m/n/10 0\OML/cmm/m/it/10 :\OT1/cmr/m/n/10 500253 \OMS/cmsy/m/
n/10 ^^F
 []


Underfull \hbox (badness 10000) in paragraph at lines 736--740
\OT1/cmr/m/n/10 0\OML/cmm/m/it/10 :\OT1/cmr/m/n/10 85048\OML/cmm/m/it/10 i; \OM
S/cmsy/m/n/10 ^^@\OT1/cmr/m/n/10 0\OML/cmm/m/it/10 :\OT1/cmr/m/n/10 500216 \OMS
/cmsy/m/n/10 ^^F \OT1/cmr/m/n/10 0\OML/cmm/m/it/10 :\OT1/cmr/m/n/10 881033\OML/
cmm/m/it/10 i; \OMS/cmsy/m/n/10 ^^@\OT1/cmr/m/n/10 0\OML/cmm/m/it/10 :\OT1/cmr/
m/n/10 16104\OML/cmm/m/it/10 ; \OT1/cmr/m/n/10 0\OML/cmm/m/it/10 :\OT1/cmr/m/n/
10 000252788 \OMS/cmsy/m/n/10 ^^F
 []


Underfull \hbox (badness 4036) in paragraph at lines 736--740
\OT1/cmr/m/n/10 0\OML/cmm/m/it/10 :\OT1/cmr/m/n/10 164122\OML/cmm/m/it/10 i; \O
T1/cmr/m/n/10 0\OML/cmm/m/it/10 :\OT1/cmr/m/n/10 161472\OMS/cmsy/m/n/10 g$ \OT1
/cmr/m/n/10 the cor-re-spond-ing angles are, $\OMS/cmsy/m/n/10 j\OML/cmm/m/it/1
0 Arg\OT1/cmr/m/n/10 (\OML/cmm/m/it/10 ^^U[]\OT1/cmr/m/n/10 )\OMS/cmsy/m/n/10 j
 ^^@ [] \OT1/cmr/m/n/10 =
 []


Overfull \hbox (21.03883pt too wide) detected at line 769
[]
 []


Underfull \vbox (badness 10000) has occurred while \output is active []


Overfull \vbox (1.44444pt too high) has occurred while \output is active []


[14 <./Figs//Fig3right(unstable)Parametric.pdf> <./Figs//Fig3right(unstable)plo
t.pdf

pdfTeX warning: /usr/bin/pdflatex (file ./Figs//Fig3right(unstable)plot.pdf): P
DF inclusion: multiple pdfs with page group included in a single page
>]

LaTeX Warning: Reference `fig:Unstable parametric Point D' on page 15 undefined
 on input line 770.


LaTeX Warning: Reference `fig:Unstable Point D' on page 15 undefined on input l
ine 770.

<Figs//Fig4Left(unstable)Parametric.pdf, id=359, 395.4775pt x 1010.77625pt>
File: Figs//Fig4Left(unstable)Parametric.pdf Graphic file (type pdf)
<use Figs//Fig4Left(unstable)Parametric.pdf>
Package pdftex.def Info: Figs//Fig4Left(unstable)Parametric.pdf  used on input 
line 774.
(pdftex.def)             Requested size: 84.64694pt x 216.34099pt.
<Figs//Fig4Left(unstable)Plot.pdf, id=360, 490.83376pt x 288.07625pt>
File: Figs//Fig4Left(unstable)Plot.pdf Graphic file (type pdf)
<use Figs//Fig4Left(unstable)Plot.pdf>
Package pdftex.def Info: Figs//Fig4Left(unstable)Plot.pdf  used on input line 7
81.
(pdftex.def)             Requested size: 135.43304pt x 79.48714pt.

LaTeX Warning: `h' float specifier changed to `ht'.


Package hyperref Warning: Token not allowed in a PDF string (Unicode):
(hyperref)                removing `math shift' on input line 786.


Package hyperref Warning: Token not allowed in a PDF string (Unicode):
(hyperref)                removing `superscript' on input line 786.


Package hyperref Warning: Token not allowed in a PDF string (Unicode):
(hyperref)                removing `math shift' on input line 786.


LaTeX Warning: Reference `fig:Bifurcation a vs w' on page 15 undefined on input
 line 787.


Underfull \hbox (badness 10000) in paragraph at lines 789--791
[]\OT1/cmr/m/n/10 Corresponding to E, the eigen-val-ues are, $\OMS/cmsy/m/n/10 
f^^@\OT1/cmr/m/n/10 0\OML/cmm/m/it/10 :\OT1/cmr/m/n/10 866025 \OMS/cmsy/m/n/10 
^^F
 []


Underfull \vbox (badness 10000) has occurred while \output is active []


Overfull \vbox (1.44444pt too high) has occurred while \output is active []


[15 <./Figs//Fig4Right(unstable)Parametric.pdf> <./Figs//Fig4right(unstable)plo
t.pdf

pdfTeX warning: /usr/bin/pdflatex (file ./Figs//Fig4right(unstable)plot.pdf): P
DF inclusion: multiple pdfs with page group included in a single page
>]
Overfull \hbox (51.03893pt too wide) detected at line 820
[]
 []


LaTeX Warning: Reference `fig:Unstable parametric Point E' on page 16 undefined
 on input line 820.


LaTeX Warning: Reference `fig:Unstable Point E' on page 16 undefined on input l
ine 820.

<Figs//Unstable_ais1Para.pdf, id=401, 392.46625pt x 518.93875pt>
File: Figs//Unstable_ais1Para.pdf Graphic file (type pdf)
<use Figs//Unstable_ais1Para.pdf>
Package pdftex.def Info: Figs//Unstable_ais1Para.pdf  used on input line 824.
(pdftex.def)             Requested size: 101.57736pt x 134.31117pt.

Underfull \vbox (badness 10000) has occurred while \output is active []


Overfull \vbox (1.44444pt too high) has occurred while \output is active []


[16 <./Figs//Fig4Left(unstable)Parametric.pdf> <./Figs//Fig4Left(unstable)Plot.
pdf

pdfTeX warning: /usr/bin/pdflatex (file ./Figs//Fig4Left(unstable)Plot.pdf): PD
F inclusion: multiple pdfs with page group included in a single page
>]
<Figs//Unstable_ais1Plot.pdf, id=441, 361.35pt x 206.7725pt>
File: Figs//Unstable_ais1Plot.pdf Graphic file (type pdf)
<use Figs//Unstable_ais1Plot.pdf>
Package pdftex.def Info: Figs//Unstable_ais1Plot.pdf  used on input line 831.
(pdftex.def)             Requested size: 135.43304pt x 77.49847pt.


Package hyperref Warning: Token not allowed in a PDF string (Unicode):
(hyperref)                removing `math shift' on input line 836.


Package hyperref Warning: Token not allowed in a PDF string (Unicode):
(hyperref)                removing `superscript' on input line 836.


Package hyperref Warning: Token not allowed in a PDF string (Unicode):
(hyperref)                removing `math shift' on input line 836.


LaTeX Warning: Reference `fig:Bifurcation a vs w' on page 17 undefined on input
 line 837.


LaTeX Warning: Reference `Stability and Bifurcation Analysis' on page 17 undefi
ned on input line 840.


Underfull \hbox (badness 4531) in paragraph at lines 839--841
[]\OT1/cmr/m/n/10 Then we get the eigen-val-ues of matrix A as : $\OMS/cmsy/m/n
/10 f^^@\OT1/cmr/m/n/10 0\OML/cmm/m/it/10 :\OT1/cmr/m/n/10 879144 \OMS/cmsy/m/n
/10 ^^F
 []


Underfull \hbox (badness 7326) in paragraph at lines 839--841
\OT1/cmr/m/n/10 0\OML/cmm/m/it/10 :\OT1/cmr/m/n/10 500172\OML/cmm/m/it/10 i; \O
MS/cmsy/m/n/10 ^^@\OT1/cmr/m/n/10 0\OML/cmm/m/it/10 :\OT1/cmr/m/n/10 852907 \OM
S/cmsy/m/n/10 ^^F \OT1/cmr/m/n/10 0\OML/cmm/m/it/10 :\OT1/cmr/m/n/10 500172\OML
/cmm/m/it/10 i; \OMS/cmsy/m/n/10 ^^@\OT1/cmr/m/n/10 0\OML/cmm/m/it/10 :\OT1/cmr
/m/n/10 0810042 \OMS/cmsy/m/n/10 ^^F \OT1/cmr/m/n/10 0\OML/cmm/m/it/10 :\OT1/cm
r/m/n/10 0810042\OML/cmm/m/it/10 i; \OT1/cmr/m/n/10 0\OML/cmm/m/it/10 :\OT1/cmr
/m/n/10 0810042 \OMS/cmsy/m/n/10 ^^F
 []


Underfull \hbox (badness 10000) in paragraph at lines 839--841
\OT1/cmr/m/n/10 0\OML/cmm/m/it/10 :\OT1/cmr/m/n/10 0810042\OML/cmm/m/it/10 i\OM
S/cmsy/m/n/10 g$ \OT1/cmr/m/n/10 with cor-re-spond-ing angles: $\OMS/cmsy/m/n/1
0 j\OML/cmm/m/it/10 Arg\OT1/cmr/m/n/10 (\OML/cmm/m/it/10 ^^U[]\OT1/cmr/m/n/10 )
\OMS/cmsy/m/n/10 j ^^@ [] \OT1/cmr/m/n/10 =
 []


Overfull \hbox (43.81668pt too wide) detected at line 871
[]
 []


Underfull \vbox (badness 10000) has occurred while \output is active []


Overfull \vbox (1.44444pt too high) has occurred while \output is active []


[17 <./Figs//Unstable_ais1Para.pdf> <./Figs//Unstable_ais1Plot.pdf

pdfTeX warning: /usr/bin/pdflatex (file ./Figs//Unstable_ais1Plot.pdf): PDF inc
lusion: multiple pdfs with page group included in a single page
>]

LaTeX Warning: Reference `fig: Stable parametric Point F' on page 18 undefined 
on input line 872.


LaTeX Warning: Reference `fig:Stable Point F' on page 18 undefined on input lin
e 872.

<Figs//ais1orbitpara.pdf, id=483, 1023.825pt x 1923.185pt>
File: Figs//ais1orbitpara.pdf Graphic file (type pdf)
<use Figs//ais1orbitpara.pdf>
Package pdftex.def Info: Figs//ais1orbitpara.pdf  used on input line 877.
(pdftex.def)             Requested size: 135.43304pt x 254.3953pt.
<Figs//ais1orbitplot.pdf, id=484, 899.36pt x 546.04pt>
File: Figs//ais1orbitplot.pdf Graphic file (type pdf)
<use Figs//ais1orbitplot.pdf>
Package pdftex.def Info: Figs//ais1orbitplot.pdf  used on input line 883.
(pdftex.def)             Requested size: 142.20624pt x 86.33502pt.

LaTeX Warning: `h' float specifier changed to `ht'.


Package hyperref Warning: Token not allowed in a PDF string (Unicode):
(hyperref)                removing `math shift' on input line 888.


Package hyperref Warning: Token not allowed in a PDF string (Unicode):
(hyperref)                removing `superscript' on input line 888.


Package hyperref Warning: Token not allowed in a PDF string (Unicode):
(hyperref)                removing `math shift' on input line 888.


LaTeX Warning: Reference `fig:Bifurcation a vs w' on page 18 undefined on input
 line 889.


Underfull \vbox (badness 10000) has occurred while \output is active []


Overfull \vbox (1.44444pt too high) has occurred while \output is active []


[18 <./Figs//ais1orbitpara.pdf>]
Overfull \hbox (57.5886pt too wide) detected at line 919
[]
 []


LaTeX Warning: Reference `fig: Unstable parametric Point G' on page 19 undefine
d on input line 920.


LaTeX Warning: Reference `fig: Unstable Point G' on page 19 undefined on input 
line 920.

<Figs//ais1wisroot2Para.pdf, id=511, 231.86626pt x 751.80875pt>
File: Figs//ais1wisroot2Para.pdf Graphic file (type pdf)
<use Figs//ais1wisroot2Para.pdf>
Package pdftex.def Info: Figs//ais1wisroot2Para.pdf  used on input line 924.
(pdftex.def)             Requested size: 60.94331pt x 197.59938pt.
<Figs//ais1wisroot2Plot.pdf, id=512, 361.35pt x 214.8025pt>
File: Figs//ais1wisroot2Plot.pdf Graphic file (type pdf)
<use Figs//ais1wisroot2Plot.pdf>
Package pdftex.def Info: Figs//ais1wisroot2Plot.pdf  used on input line 930.
(pdftex.def)             Requested size: 135.43304pt x 80.50812pt.

LaTeX Warning: `h' float specifier changed to `ht'.


Package hyperref Warning: Token not allowed in a PDF string (Unicode):
(hyperref)                removing `math shift' on input line 941.


Package hyperref Warning: Token not allowed in a PDF string (Unicode):
(hyperref)                removing `superscript' on input line 941.


Package hyperref Warning: Token not allowed in a PDF string (Unicode):
(hyperref)                removing `math shift' on input line 941.


LaTeX Warning: Reference `fig:Bifurcation a vs w' on page 19 undefined on input
 line 942.


Underfull \vbox (badness 10000) has occurred while \output is active []


Overfull \vbox (1.44444pt too high) has occurred while \output is active []


[19 <./Figs//ais1orbitplot.pdf> <./Figs//ais1wisroot2Para.pdf

pdfTeX warning: /usr/bin/pdflatex (file ./Figs//ais1wisroot2Para.pdf): PDF incl
usion: multiple pdfs with page group included in a single page
>]
Underfull \hbox (badness 10000) in paragraph at lines 944--946
[]\OT1/cmr/m/n/10 The eigen-val-ues cor-re-spond-ing to these con-di-tions
 []


Underfull \hbox (badness 6675) in paragraph at lines 944--946
\OT1/cmr/m/n/10 are:$\OMS/cmsy/m/n/10 f^^@\OT1/cmr/m/n/10 1\OML/cmm/m/it/10 :\O
T1/cmr/m/n/10 93185\OML/cmm/m/it/10 ; \OMS/cmsy/m/n/10 ^^@\OT1/cmr/m/n/10 1\OML
/cmm/m/it/10 :\OT1/cmr/m/n/10 93185\OML/cmm/m/it/10 ; \OMS/cmsy/m/n/10 ^^@\OT1/
cmr/m/n/10 0\OML/cmm/m/it/10 :\OT1/cmr/m/n/10 517638\OML/cmm/m/it/10 ; \OMS/cms
y/m/n/10 ^^@\OT1/cmr/m/n/10 0\OML/cmm/m/it/10 :\OT1/cmr/m/n/10 517638\OML/cmm/m
/it/10 ; \OT1/cmr/m/n/10 0\OML/cmm/m/it/10 ; \OT1/cmr/m/n/10 0\OML/cmm/m/it/10 
; \OT1/cmr/m/n/10 0\OML/cmm/m/it/10 ; \OT1/cmr/m/n/10 0\OMS/cmsy/m/n/10 g$\OT1/
cmr/m/n/10 . Hence, $0$ is a
 []


Overfull \hbox (47.58856pt too wide) detected at line 974
[]
 []


LaTeX Warning: Reference `fig:Unstable parametric Point H' on page 20 undefined
 on input line 975.


LaTeX Warning: Reference `fig: Unstable Point H' on page 20 undefined on input 
line 975.

<Figs//ais4wisroot2.pdf, id=554, 361.35pt x 224.84pt>
File: Figs//ais4wisroot2.pdf Graphic file (type pdf)
<use Figs//ais4wisroot2.pdf>
Package pdftex.def Info: Figs//ais4wisroot2.pdf  used on input line 978.
(pdftex.def)             Requested size: 135.43304pt x 84.27019pt.
<Figs//ais4wisroot2Plot.pdf, id=555, 361.35pt x 209.78375pt>
File: Figs//ais4wisroot2Plot.pdf Graphic file (type pdf)
<use Figs//ais4wisroot2Plot.pdf>
Package pdftex.def Info: Figs//ais4wisroot2Plot.pdf  used on input line 986.
(pdftex.def)             Requested size: 135.43304pt x 78.62709pt.

LaTeX Warning: `h' float specifier changed to `ht'.


Package natbib Warning: Citation `kobayashi2005stability' on page 20 undefined 
on input line 998.


Underfull \vbox (badness 10000) has occurred while \output is active []


Overfull \vbox (1.44444pt too high) has occurred while \output is active []


[20 <./Figs//ais1wisroot2Plot.pdf> <./Figs//ais4wisroot2.pdf

pdfTeX warning: /usr/bin/pdflatex (file ./Figs//ais4wisroot2.pdf): PDF inclusio
n: multiple pdfs with page group included in a single page
>]
No file sn-article.bbl.

Package natbib Warning: There were undefined citations.


Underfull \vbox (badness 10000) has occurred while \output is active []


Overfull \vbox (1.44444pt too high) has occurred while \output is active []


[21 <./Figs//ais4wisroot2Plot.pdf>] (./sn-article.aux)

LaTeX Font Warning: Size substitutions with differences
(Font)              up to 1.28pt have occurred.


LaTeX Warning: There were undefined references.


LaTeX Warning: Label(s) may have changed. Rerun to get cross-references right.


Package rerunfilecheck Warning: File `sn-article.out' has changed.
(rerunfilecheck)                Rerun to get outlines right
(rerunfilecheck)                or use package `bookmark'.

Package rerunfilecheck Info: Checksums for `sn-article.out':
(rerunfilecheck)             Before: <no file>
(rerunfilecheck)             After:  2C6864E6ED8F2AC7F34ABD6A0B7DEB13;6688.
 ) 
Here is how much of TeX's memory you used:
 14609 strings out of 478287
 225333 string characters out of 5849288
 528478 words of memory out of 5000000
 32477 multiletter control sequences out of 15000+600000
 496578 words of font info for 137 fonts, out of 8000000 for 9000
 1151 hyphenation exceptions out of 8191
 75i,14n,77p,1084b,438s stack positions out of 5000i,500n,10000p,200000b,80000s
</usr/share/texlive/texmf-dist/fonts/type1/public/amsfonts/cm/cmbsy10.pfb></u
sr/share/texlive/texmf-dist/fonts/type1/public/amsfonts/cmextra/cmbsy8.pfb></us
r/share/texlive/texmf-dist/fonts/type1/public/amsfonts/cm/cmbx10.pfb></usr/shar
e/texlive/texmf-dist/fonts/type1/public/amsfonts/cm/cmbx12.pfb></usr/share/texl
ive/texmf-dist/fonts/type1/public/amsfonts/cm/cmbx8.pfb></usr/share/texlive/tex
mf-dist/fonts/type1/public/amsfonts/cm/cmbx9.pfb></usr/share/texlive/texmf-dist
/fonts/type1/public/amsfonts/cm/cmex10.pfb></usr/share/texlive/texmf-dist/fonts
/type1/public/amsfonts/cmextra/cmex9.pfb></usr/share/texlive/texmf-dist/fonts/t
ype1/public/amsfonts/cm/cmmi10.pfb></usr/share/texlive/texmf-dist/fonts/type1/p
ublic/amsfonts/cm/cmmi5.pfb></usr/share/texlive/texmf-dist/fonts/type1/public/a
msfonts/cm/cmmi7.pfb></usr/share/texlive/texmf-dist/fonts/type1/public/amsfonts
/cm/cmmi8.pfb></usr/share/texlive/texmf-dist/fonts/type1/public/amsfonts/cm/cmm
i9.pfb></usr/share/texlive/texmf-dist/fonts/type1/public/amsfonts/cm/cmmib10.pf
b></usr/share/texlive/texmf-dist/fonts/type1/public/amsfonts/cmextra/cmmib8.pfb
></usr/share/texlive/texmf-dist/fonts/type1/public/amsfonts/cm/cmr10.pfb></usr/
share/texlive/texmf-dist/fonts/type1/public/amsfonts/cm/cmr12.pfb></usr/share/t
exlive/texmf-dist/fonts/type1/public/amsfonts/cm/cmr17.pfb></usr/share/texlive/
texmf-dist/fonts/type1/public/amsfonts/cm/cmr5.pfb></usr/share/texlive/texmf-di
st/fonts/type1/public/amsfonts/cm/cmr6.pfb></usr/share/texlive/texmf-dist/fonts
/type1/public/amsfonts/cm/cmr7.pfb></usr/share/texlive/texmf-dist/fonts/type1/p
ublic/amsfonts/cm/cmr8.pfb></usr/share/texlive/texmf-dist/fonts/type1/public/am
sfonts/cm/cmr9.pfb></usr/share/texlive/texmf-dist/fonts/type1/public/amsfonts/c
m/cmss10.pfb></usr/share/texlive/texmf-dist/fonts/type1/public/amsfonts/cm/cmsy
10.pfb></usr/share/texlive/texmf-dist/fonts/type1/public/amsfonts/cm/cmsy6.pfb>
</usr/share/texlive/texmf-dist/fonts/type1/public/amsfonts/cm/cmsy7.pfb></usr/s
hare/texlive/texmf-dist/fonts/type1/public/amsfonts/cm/cmsy9.pfb></usr/share/te
xlive/texmf-dist/fonts/type1/public/amsfonts/cm/cmti10.pfb></usr/share/texlive/
texmf-dist/fonts/type1/public/amsfonts/cm/cmti9.pfb></usr/share/texlive/texmf-d
ist/fonts/type1/public/amsfonts/symbols/msam10.pfb></usr/share/texlive/texmf-di
st/fonts/type1/public/amsfonts/symbols/msbm10.pfb></usr/share/texlive/texmf-dis
t/fonts/type1/public/amsfonts/symbols/msbm7.pfb>
Output written on sn-article.pdf (21 pages, 1499079 bytes).
PDF statistics:
 780 PDF objects out of 1000 (max. 8388607)
 545 compressed objects within 6 object streams
 86 named destinations out of 1000 (max. 500000)
 106 words of extra memory for PDF output out of 10000 (max. 10000000)

